── Attaching packages ─────────────────────────────────────── tidyverse 1.3.2 ──
✔ ggplot2 3.3.6      ✔ purrr   0.3.4 
✔ tibble  3.1.8      ✔ dplyr   1.0.10
✔ tidyr   1.2.1      ✔ stringr 1.4.1 
✔ readr   2.1.2      ✔ forcats 0.5.2 
── Conflicts ────────────────────────────────────────── tidyverse_conflicts() ──
✖ dplyr::filter() masks stats::filter()
✖ dplyr::lag()    masks stats::lag()
Loading required package: R6

Attaching package: ‘lightgbm’

The following object is masked from ‘package:dplyr’:

    slice

  boostings learning_rates max_bins min_data_in_leaf num_leaves max_depth
1      dart            0.1       32               60        128        20
2      dart            0.1       32               60        128        20
3      dart            0.1       32               60        128        20
  iteration binary_logloss   auc binary_error
1       118          0.324 0.932        0.118
2       118          0.324 0.932        0.118
3       118          0.324 0.932        0.118
[1] "done"
[1] "done"
Warning message:
In storage.mode(data) <- "double" : NAs introduced by coercion
Loading required package: lattice

Attaching package: ‘caret’

The following object is masked from ‘package:purrr’:

    lift

Confusion Matrix and Statistics

          Reference
Prediction   0   1
         0 205  48
         1  68 103
                                          
               Accuracy : 0.7264          
                 95% CI : (0.6813, 0.7683)
    No Information Rate : 0.6439          
    P-Value [Acc > NIR] : 0.000182        
                                          
                  Kappa : 0.4206          
                                          
 Mcnemar's Test P-Value : 0.077714        
                                          
            Sensitivity : 0.7509          
            Specificity : 0.6821          
         Pos Pred Value : 0.8103          
         Neg Pred Value : 0.6023          
             Prevalence : 0.6439          
         Detection Rate : 0.4835          
   Detection Prevalence : 0.5967          
      Balanced Accuracy : 0.7165          
                                          
       'Positive' Class : 0               
                                          
     Feature        Gain      Cover  Frequency
1: Ca_cumsum 0.436056522 0.18261315 0.17976400
2:      long 0.108536682 0.10592922 0.11072056
3:      tmax 0.106215156 0.15255591 0.15691690
4:       day 0.099057497 0.14432728 0.14486568
5:       lat 0.085716120 0.11780283 0.12377605
6:       alt 0.076090164 0.12179223 0.11373337
7:      tmin 0.048266853 0.12045576 0.12503138
8:     month 0.031740680 0.02457856 0.02912378
9:   species 0.008320324 0.02994506 0.01606829
