── Attaching packages ─────────────────────────────────────── tidyverse 1.3.2 ──
✔ ggplot2 3.3.6      ✔ purrr   0.3.4 
✔ tibble  3.1.8      ✔ dplyr   1.0.10
✔ tidyr   1.2.1      ✔ stringr 1.4.1 
✔ readr   2.1.2      ✔ forcats 0.5.2 
── Conflicts ────────────────────────────────────────── tidyverse_conflicts() ──
✖ dplyr::filter() masks stats::filter()
✖ dplyr::lag()    masks stats::lag()
Registered S3 method overwritten by 'hoardr':
  method           from
  print.cache_info httr
Loading required package: R6

Attaching package: ‘lightgbm’

The following object is masked from ‘package:dplyr’:

    slice

Error in `select()`:
! Can't subset columns that don't exist.
✖ Column `Sta..Maria.(Val.Mustair)` doesn't exist.
Backtrace:
     ▆
  1. ├─... %>% arrange(!!as.symbol(ct_converted))
  2. ├─dplyr::arrange(., !!as.symbol(ct_converted))
  3. ├─dplyr::select(., all_of(ct_converted))
  4. └─dplyr:::select.data.frame(., all_of(ct_converted))
  5.   ├─dplyr:::tidyselect_fix_call(...)
  6.   │ └─base::withCallingHandlers(...)
  7.   └─tidyselect::eval_select(expr(c(...)), .data)
  8.     └─tidyselect:::eval_select_impl(...)
  9.       ├─tidyselect:::with_subscript_errors(...)
 10.       │ ├─base::tryCatch(...)
 11.       │ │ └─base (local) tryCatchList(expr, classes, parentenv, handlers)
 12.       │ │   └─base (local) tryCatchOne(expr, names, parentenv, handlers[[1L]])
 13.       │ │     └─base (local) doTryCatch(return(expr), name, parentenv, handler)
 14.       │ └─tidyselect:::with_entraced_errors(expr)
 15.       │   └─rlang::try_fetch(...)
 16.       │     └─base::withCallingHandlers(...)
 17.       └─tidyselect:::vars_select_eval(...)
 18.         └─tidyselect:::walk_data_tree(expr, data_mask, context_mask, error_call)
 19.           └─tidyselect:::eval_c(expr, data_mask, context_mask)
 20.             └─tidyselect:::reduce_sels(node, data_mask, context_mask, init = init)
 21.               └─tidyselect:::walk_data_tree(new, data_mask, context_mask)
 22.                 └─tidyselect:::as_indices_sel_impl(...)
 23.                   └─tidyselect:::as_indices_impl(x, vars, call = call, strict = strict)
 24.                     └─tidyselect:::chr_as_locations(x, vars, call = call)
 25.                       └─vctrs::vec_as_location(x, n = length(vars), names = vars)
 26.                         └─vctrs (local) `<fn>`()
 27.                           └─vctrs:::stop_subscript_oob(...)
 28.                             └─vctrs:::stop_subscript(...)
 29.                               └─rlang::abort(...)
There were 50 or more warnings (use warnings() to see the first 50)
Execution halted
