── Attaching packages ─────────────────────────────────────── tidyverse 1.3.2 ──
✔ ggplot2 3.3.6      ✔ purrr   0.3.4 
✔ tibble  3.1.8      ✔ dplyr   1.0.10
✔ tidyr   1.2.1      ✔ stringr 1.4.1 
✔ readr   2.1.2      ✔ forcats 0.5.2 
── Conflicts ────────────────────────────────────────── tidyverse_conflicts() ──
✖ dplyr::filter() masks stats::filter()
✖ dplyr::lag()    masks stats::lag()
Registered S3 method overwritten by 'hoardr':
  method           from
  print.cache_info httr
Loading required package: R6

Attaching package: ‘lightgbm’

The following object is masked from ‘package:dplyr’:

    slice

Loading required package: foreach

Attaching package: ‘foreach’

The following objects are masked from ‘package:purrr’:

    accumulate, when

Loading required package: iterators
Loading required package: parallel
[1] "grid search completed"
[1] "table1 saved"
[1] "table2 saved"
[1] Tcs                 Rc_thresholds       Rh_thresholds      
[4] first_Tc_reach_days MAE                
<0 rows> (or 0-length row.names)
[1] Tcs                 Rc_thresholds       Rh_thresholds      
[4] first_Tc_reach_days MAE                
<0 rows> (or 0-length row.names)
